# JRE version: OpenJDK Runtime Environment (8.0_152-b01) (build 1.8.0_152-release-915-b01)
# Java VM: OpenJDK 64-Bit Server VM (25.152-b01 mixed mode windows-amd64 compressed oops)
Heap:
 PSYoungGen      total 444928K, used 104624K [0x00000000e0000000, 0x00000000fff00000, 0x0000000100000000)
  eden space 393216K, 22% used [0x00000000e0000000,0x00000000e5700030,0x00000000f8000000)
  from space 51712K, 30% used [0x00000000f8000000,0x00000000f8f2c078,0x00000000fb280000)
  to   space 50176K, 0% used [0x00000000fce00000,0x00000000fce00000,0x00000000fff00000)
 ParOldGen       total 166400K, used 59770K [0x00000000a0000000, 0x00000000aa280000, 0x00000000e0000000)
  object space 166400K, 35% used [0x00000000a0000000,0x00000000a3a5eb30,0x00000000aa280000)
 Metaspace       used 80962K, capacity 85675K, committed 85848K, reserved 1124352K
  class space    used 10247K, capacity 11370K, committed 11392K, reserved 1048576K
GC Heap History (10 events):
Event: 425.557 GC heap before
{Heap before GC invocations=22 (full 3):
 PSYoungGen      total 321024K, used 321006K [0x00000000e0000000, 0x00000000f7300000, 0x0000000100000000)
  eden space 285184K, 100% used [0x00000000e0000000,0x00000000f1680000,0x00000000f1680000)
  from space 35840K, 99% used [0x00000000f3e80000,0x00000000f617ba40,0x00000000f6180000)
  to   space 40960K, 0% used [0x00000000f1680000,0x00000000f1680000,0x00000000f3e80000)
 ParOldGen       total 166400K, used 53319K [0x00000000a0000000, 0x00000000aa280000, 0x00000000e0000000)
  object space 166400K, 32% used [0x00000000a0000000,0x00000000a3411e18,0x00000000aa280000)
 Metaspace       used 77439K, capacity 81149K, committed 81368K, reserved 1120256K
  class space    used 9840K, capacity 10713K, committed 10752K, reserved 1048576K
Event: 425.613 GC heap after
Heap after GC invocations=22 (full 3):
 PSYoungGen      total 326144K, used 29683K [0x00000000e0000000, 0x00000000f9d80000, 0x0000000100000000)
  eden space 285184K, 0% used [0x00000000e0000000,0x00000000e0000000,0x00000000f1680000)
  from space 40960K, 72% used [0x00000000f1680000,0x00000000f337cc18,0x00000000f3e80000)
  to   space 43008K, 0% used [0x00000000f7380000,0x00000000f7380000,0x00000000f9d80000)
 ParOldGen       total 166400K, used 58382K [0x00000000a0000000, 0x00000000aa280000, 0x00000000e0000000)
  object space 166400K, 35% used [0x00000000a0000000,0x00000000a3903a70,0x00000000aa280000)
 Metaspace       used 77439K, capacity 81149K, committed 81368K, reserved 1120256K
  class space    used 9840K, capacity 10713K, committed 10752K, reserved 1048576K
}
Event: 426.697 GC heap before
{Heap before GC invocations=23 (full 3):
 PSYoungGen      total 326144K, used 314867K [0x00000000e0000000, 0x00000000f9d80000, 0x0000000100000000)
  eden space 285184K, 100% used [0x00000000e0000000,0x00000000f1680000,0x00000000f1680000)
  from space 40960K, 72% used [0x00000000f1680000,0x00000000f337cc18,0x00000000f3e80000)
  to   space 43008K, 0% used [0x00000000f7380000,0x00000000f7380000,0x00000000f9d80000)
 ParOldGen       total 166400K, used 58382K [0x00000000a0000000, 0x00000000aa280000, 0x00000000e0000000)
  object space 166400K, 35% used [0x00000000a0000000,0x00000000a3903a70,0x00000000aa280000)
 Metaspace       used 77453K, capacity 81149K, committed 81368K, reserved 1120256K
  class space    used 9841K, capacity 10713K, committed 10752K, reserved 1048576K
Event: 426.755 GC heap after
Heap after GC invocations=23 (full 3):
 PSYoungGen      total 377344K, used 33891K [0x00000000e0000000, 0x00000000fa800000, 0x0000000100000000)
  eden space 334336K, 0% used [0x00000000e0000000,0x00000000e0000000,0x00000000f4680000)
  from space 43008K, 78% used [0x00000000f7380000,0x00000000f9498c28,0x00000000f9d80000)
  to   space 46080K, 0% used [0x00000000f4680000,0x00000000f4680000,0x00000000f7380000)
 ParOldGen       total 166400K, used 58390K [0x00000000a0000000, 0x00000000aa280000, 0x00000000e0000000)
  object space 166400K, 35% used [0x00000000a0000000,0x00000000a3905a70,0x00000000aa280000)
 Metaspace       used 77453K, capacity 81149K, committed 81368K, reserved 1120256K
  class space    used 9841K, capacity 10713K, committed 10752K, reserved 1048576K
}
Event: 429.985 GC heap before
{Heap before GC invocations=24 (full 3):
 PSYoungGen      total 377344K, used 368227K [0x00000000e0000000, 0x00000000fa800000, 0x0000000100000000)
  eden space 334336K, 100% used [0x00000000e0000000,0x00000000f4680000,0x00000000f4680000)
  from space 43008K, 78% used [0x00000000f7380000,0x00000000f9498c28,0x00000000f9d80000)
  to   space 46080K, 0% used [0x00000000f4680000,0x00000000f4680000,0x00000000f7380000)
 ParOldGen       total 166400K, used 58390K [0x00000000a0000000, 0x00000000aa280000, 0x00000000e0000000)
  object space 166400K, 35% used [0x00000000a0000000,0x00000000a3905a70,0x00000000aa280000)
 Metaspace       used 78521K, capacity 82235K, committed 82520K, reserved 1120256K
  class space    used 9953K, capacity 10832K, committed 10880K, reserved 1048576K
Event: 430.025 GC heap after
Heap after GC invocations=24 (full 3):
 PSYoungGen      total 380416K, used 37548K [0x00000000e0000000, 0x00000000fe300000, 0x0000000100000000)
  eden space 334336K, 0% used [0x00000000e0000000,0x00000000e0000000,0x00000000f4680000)
  from space 46080K, 81% used [0x00000000f4680000,0x00000000f6b2b260,0x00000000f7380000)
  to   space 49664K, 0% used [0x00000000fb280000,0x00000000fb280000,0x00000000fe300000)
 ParOldGen       total 166400K, used 59754K [0x00000000a0000000, 0x00000000aa280000, 0x00000000e0000000)
  object space 166400K, 35% used [0x00000000a0000000,0x00000000a3a5ab30,0x00000000aa280000)
 Metaspace       used 78521K, capacity 82235K, committed 82520K, reserved 1120256K
  class space    used 9953K, capacity 10832K, committed 10880K, reserved 1048576K
}
Event: 431.565 GC heap before
{Heap before GC invocations=25 (full 3):
 PSYoungGen      total 380416K, used 371214K [0x00000000e0000000, 0x00000000fe300000, 0x0000000100000000)
  eden space 334336K, 99% used [0x00000000e0000000,0x00000000f45d8640,0x00000000f4680000)
  from space 46080K, 81% used [0x00000000f4680000,0x00000000f6b2b260,0x00000000f7380000)
  to   space 49664K, 0% used [0x00000000fb280000,0x00000000fb280000,0x00000000fe300000)
 ParOldGen       total 166400K, used 59754K [0x00000000a0000000, 0x00000000aa280000, 0x00000000e0000000)
  object space 166400K, 35% used [0x00000000a0000000,0x00000000a3a5ab30,0x00000000aa280000)
 Metaspace       used 79729K, capacity 83761K, committed 84056K, reserved 1122304K
  class space    used 10146K, capacity 11067K, committed 11136K, reserved 1048576K
Event: 431.605 GC heap after
Heap after GC invocations=25 (full 3):
 PSYoungGen      total 442880K, used 35692K [0x00000000e0000000, 0x00000000fe580000, 0x0000000100000000)
  eden space 393216K, 0% used [0x00000000e0000000,0x00000000e0000000,0x00000000f8000000)
  from space 49664K, 71% used [0x00000000fb280000,0x00000000fd55b278,0x00000000fe300000)
  to   space 51712K, 0% used [0x00000000f8000000,0x00000000f8000000,0x00000000fb280000)
 ParOldGen       total 166400K, used 59762K [0x00000000a0000000, 0x00000000aa280000, 0x00000000e0000000)
  object space 166400K, 35% used [0x00000000a0000000,0x00000000a3a5cb30,0x00000000aa280000)
 Metaspace       used 79729K, capacity 83761K, committed 84056K, reserved 1122304K
  class space    used 10146K, capacity 11067K, committed 11136K, reserved 1048576K
}
Event: 817.308 GC heap before
{Heap before GC invocations=26 (full 3):
 PSYoungGen      total 442880K, used 428908K [0x00000000e0000000, 0x00000000fe580000, 0x0000000100000000)
  eden space 393216K, 100% used [0x00000000e0000000,0x00000000f8000000,0x00000000f8000000)
  from space 49664K, 71% used [0x00000000fb280000,0x00000000fd55b278,0x00000000fe300000)
  to   space 51712K, 0% used [0x00000000f8000000,0x00000000f8000000,0x00000000fb280000)
 ParOldGen       total 166400K, used 59762K [0x00000000a0000000, 0x00000000aa280000, 0x00000000e0000000)
  object space 166400K, 35% used [0x00000000a0000000,0x00000000a3a5cb30,0x00000000aa280000)
 Metaspace       used 80464K, capacity 84797K, committed 85080K, reserved 1122304K
  class space    used 10209K, capacity 11267K, committed 11392K, reserved 1048576K
Event: 817.330 GC heap after
Heap after GC invocations=26 (full 3):
 PSYoungGen      total 444928K, used 15536K [0x00000000e0000000, 0x00000000fff00000, 0x0000000100000000)
  eden space 393216K, 0% used [0x00000000e0000000,0x00000000e0000000,0x00000000f8000000)
  from space 51712K, 30% used [0x00000000f8000000,0x00000000f8f2c078,0x00000000fb280000)
  to   space 50176K, 0% used [0x00000000fce00000,0x00000000fce00000,0x00000000fff00000)
 ParOldGen       total 166400K, used 59770K [0x00000000a0000000, 0x00000000aa280000, 0x00000000e0000000)
  object space 166400K, 35% used [0x00000000a0000000,0x00000000a3a5eb30,0x00000000aa280000)
 Metaspace       used 80464K, capacity 84797K, committed 85080K, reserved 1122304K
  class space    used 10209K, capacity 11267K, committed 11392K, reserved 1048576K
}

